#
# A fatal error has been detected by the Java Runtime Environment:
#
#  SIGSEGV (0xb) at pc=0x000000010b7f227d, pid=1550, tid=8451
#
# JRE version: Java(TM) SE Runtime Environment (7.0_75-b13) (build 1.7.0_75-b13)
# Java VM: Java HotSpot(TM) 64-Bit Server VM (24.75-b04 mixed mode bsd-amd64 compressed oops)
# Problematic frame:
# V  [libjvm.dylib+0x1f227d]  oopDesc::size()+0x2d
#
# Failed to write core dump. Core dumps have been disabled. To enable core dumping, try "ulimit -c unlimited" before starting Java again
#
# If you would like to submit a bug report, please visit:
#   http://bugreport.sun.com/bugreport/crash.jsp
#

---------------  T H R E A D  ---------------

Current thread (0x00007fdf9181b000):  GCTaskThread [stack: 0x000000010f579000,0x000000010f679000] [id=8451]

siginfo:si_signo=SIGSEGV: si_errno=0, si_code=1 (SEGV_MAPERR), si_addr=0x0000000000000038

Registers:
RAX=0x000000010bd7b830, RBX=0x000000000000000d, RCX=0x0000000000000003, RDX=0x0000000000000001
RSP=0x000000010f678bd0, RBP=0x000000010f678bd0, RSI=0x00000007fdeabff8, RDI=0x0000000000000020
R8 =0x0000000000000010, R9 =0x0000000000000001, R10=0x0000000003e30101, R11=0xfffffffffcb7e250
R12=0x000000010be163c8, R13=0x00000007faa32225, R14=0x00007fdf90f01c60, R15=0x00007fdf90f01d00
RIP=0x000000010b7f227d, EFLAGS=0x0000000000010202, ERR=0x0000000000000004
  TRAPNO=0x000000000000000e

Top of Stack: (sp=0x000000010f678bd0)
0x000000010f678bd0:   000000010f678c40 000000010ba5cafd
0x000000010f678be0:   0000000000000000 00000007fdeabff8
0x000000010f678bf0:   00000007faa2fe28 0000000000001000
0x000000010f678c00:   00000007c111e2a5 0000000000000000
0x000000010f678c10:   0000000000000015 00000007faa32225
0x000000010f678c20:   000000010be163c8 00000007faa32225
0x000000010f678c30:   00000007faa32224 00007fdf90f01d00
0x000000010f678c40:   000000010f678c60 000000010ba5cf29
0x000000010f678c50:   00007fdf90f01c60 00007fdf90f01cc8
0x000000010f678c60:   000000010f678cc0 000000010ba5bf85
0x000000010f678c70:   00000007b156f2b8 00000007b156f2b8
0x000000010f678c80:   00000007faa32225 00000007b156f2b8
0x000000010f678c90:   00007fdf90f01c60 00000007c3891e18
0x000000010f678ca0:   000000010f1bd48f 00000007c3891e00
0x000000010f678cb0:   000000010f1bd501 0000000000000240
0x000000010f678cc0:   000000010f678d80 000000010b76d182
0x000000010f678cd0:   0000000000004e00 0000000000000200
0x000000010f678ce0:   fffffffef0e2ee63 0000000000000080
0x000000010f678cf0:   000000010f1d119b 000000010b3a1080
0x000000010f678d00:   000000010f1d119c 0000000003e1c400
0x000000010f678d10:   fffffffef0e42aff 0000000003e3019c
0x000000010f678d20:   000000010f1bd500 000000010f1bd481
0x000000010f678d30:   00000007c60336a0 00000007c38a0008
0x000000010f678d40:   00007fdf90d27a80 00007fdf90f01c60
0x000000010f678d50:   00007fdf90d277f0 00007fdf90d303a0
0x000000010f678d60:   0000000000000000 000000010bb7e204
0x000000010f678d70:   00007fdf90f01c60 0000000000000001
0x000000010f678d80:   000000010f678db0 000000010ba5f513
0x000000010f678d90:   0000000000000004 00007fdf90d2b010
0x000000010f678da0:   00007fdf9181b000 00007fdf90d303a0
0x000000010f678db0:   000000010f678e90 000000010b86d8ff
0x000000010f678dc0:   000000010f678df0 00007fdf90d2b2a0 

Instructions: (pc=0x000000010b7f227d)
0x000000010b7f225d:   84 d2 48 89 fe 74 15 48 8d 05 c5 95 58 00 8a 48
0x000000010b7f226d:   08 8b 7e 08 48 d3 e7 48 03 38 eb 04 48 8b 7e 08
0x000000010b7f227d:   8b 47 18 48 83 c7 10 85 c0 7e 09 a8 01 75 4e c1
0x000000010b7f228d:   f8 03 eb 47 85 c0 7f 43 85 c0 79 41 84 d2 0f 94 

Register to memory mapping:

RAX=0x000000010bd7b830: _ZN8Universe11_narrow_oopE+0 in /Library/Java/JavaVirtualMachines/jdk1.7.0_75.jdk/Contents/Home/jre/lib/server/libjvm.dylib at 0x000000010b600000
RBX=0x000000000000000d is an unknown value
RCX=0x0000000000000003 is an unknown value
RDX=0x0000000000000001 is an unknown value
RSP=0x000000010f678bd0 is an unknown value
RBP=0x000000010f678bd0 is an unknown value
RSI=0x00000007fdeabff8 is an unknown value
RDI=0x0000000000000020 is an unknown value
R8 =0x0000000000000010 is an unknown value
R9 =0x0000000000000001 is an unknown value
R10=0x0000000003e30101 is an unknown value
R11=0xfffffffffcb7e250 is an unknown value
R12=0x000000010be163c8: _ZN2os16_processor_countE+0 in /Library/Java/JavaVirtualMachines/jdk1.7.0_75.jdk/Contents/Home/jre/lib/server/libjvm.dylib at 0x000000010b600000
R13=0x00000007faa32225 is an unknown value
R14=0x00007fdf90f01c60 is an unknown value
R15=0x00007fdf90f01d00 is an unknown value


Stack: [0x000000010f579000,0x000000010f679000],  sp=0x000000010f678bd0,  free space=1022k
Native frames: (J=compiled Java code, j=interpreted, Vv=VM code, C=native code)
V  [libjvm.dylib+0x1f227d]  oopDesc::size()+0x2d
V  [libjvm.dylib+0x45cafd]  oopDesc* PSPromotionManager::copy_to_survivor_space<false>(oopDesc*)+0x35
V  [libjvm.dylib+0x45cf29]  PSPromotionManager::process_popped_location_depth(StarTask)+0x73
V  [libjvm.dylib+0x45bf85]  PSPromotionManager::drain_stacks_depth(bool)+0x105
V  [libjvm.dylib+0x16d182]  CardTableExtension::scavenge_contents_parallel(ObjectStartArray*, MutableSpace*, HeapWord*, PSPromotionManager*, unsigned int, unsigned int)+0x388
V  [libjvm.dylib+0x45f513]  OldToYoungRootsTask::do_it(GCTaskManager*, unsigned int)+0x4b
V  [libjvm.dylib+0x26d8ff]  GCTaskThread::run()+0x1a1
V  [libjvm.dylib+0x421762]  java_start(Thread*)+0x126
C  [libsystem_pthread.dylib+0x3268]  _pthread_body+0x83
C  [libsystem_pthread.dylib+0x31e5]  _pthread_body+0x0
C  [libsystem_pthread.dylib+0x141d]  thread_start+0xd


---------------  P R O C E S S  ---------------

Java Threads: ( => current thread )
  0x00007fdf91e5c000 JavaThread "Stdin handler" [_thread_blocked, id=21271, stack(0x0000000116440000,0x0000000116540000)]
  0x00007fdf9299d000 JavaThread "Daemon worker Thread 4" [_thread_blocked, id=19735, stack(0x000000011633d000,0x000000011643d000)]
  0x00007fdf9242b000 JavaThread "Cancel handler" [_thread_blocked, id=20247, stack(0x000000011619a000,0x000000011629a000)]
  0x00007fdf92376800 JavaThread "Handler for socket connection from /127.0.0.1:50866 to /127.0.0.1:51711" [_thread_in_native, id=20755, stack(0x0000000116097000,0x0000000116197000)]
  0x00007fdf91d5b800 JavaThread "Daemon Thread 4" [_thread_blocked, id=19215, stack(0x0000000115b97000,0x0000000115c97000)]
  0x00007fdf923eb000 JavaThread "File lock request listener" [_thread_in_native, id=22275, stack(0x0000000116924000,0x0000000116a24000)]
  0x00007fdf9199d800 JavaThread "Incoming local TCP Connector on port 50866" [_thread_in_native, id=18691, stack(0x0000000115f94000,0x0000000116094000)]
  0x00007fdf9185a800 JavaThread "Service Thread" daemon [_thread_blocked, id=17667, stack(0x000000011552a000,0x000000011562a000)]
  0x00007fdf91859800 JavaThread "C2 CompilerThread1" daemon [_thread_blocked, id=17155, stack(0x0000000115427000,0x0000000115527000)]
  0x00007fdf91808000 JavaThread "C2 CompilerThread0" daemon [_thread_blocked, id=16643, stack(0x0000000115324000,0x0000000115424000)]
  0x00007fdf9281d800 JavaThread "Signal Dispatcher" daemon [_thread_blocked, id=13335, stack(0x0000000115221000,0x0000000115321000)]
  0x00007fdf92004800 JavaThread "Finalizer" daemon [_thread_blocked, id=11523, stack(0x00000001138db000,0x00000001139db000)]
  0x00007fdf92004000 JavaThread "Reference Handler" daemon [_thread_blocked, id=11011, stack(0x00000001137d8000,0x00000001138d8000)]
  0x00007fdf9180f000 JavaThread "main" [_thread_blocked, id=4867, stack(0x000000010aca2000,0x000000010ada2000)]

Other Threads:
  0x00007fdf92802800 VMThread [stack: 0x00000001136d5000,0x00000001137d5000] [id=10499]
  0x00007fdf91854000 WatcherThread [stack: 0x000000011562d000,0x000000011572d000] [id=18179]

=>0x00007fdf9181b000 (exited) GCTaskThread [stack: 0x000000010f579000,0x000000010f679000] [id=8451]

VM state:at safepoint (normal execution)

VM Mutex/Monitor currently owned by a thread:  ([mutex/lock_event])
[0x00007fdf90d206b0] Threads_lock - owner thread: 0x00007fdf92802800
[0x00007fdf90d20bb0] Heap_lock - owner thread: 0x00007fdf9299d000

Heap
 PSYoungGen      total 250368K, used 250293K [0x00000007eaa80000, 0x00000007fec00000, 0x0000000800000000)
  eden space 225792K, 100% used [0x00000007eaa80000,0x00000007f8700000,0x00000007f8700000)
  from space 24576K, 99% used [0x00000007fd400000,0x00000007febed788,0x00000007fec00000)
  to   space 44544K, 67% used [0x00000007f9500000,0x00000007fb24fe48,0x00000007fc080000)
 ParOldGen       total 157184K, used 98509K [0x00000007c0000000, 0x00000007c9980000, 0x00000007eaa80000)
  object space 157184K, 62% used [0x00000007c0000000,0x00000007c60336a0,0x00000007c9980000)
 PSPermGen       total 127488K, used 89368K [0x00000007b0000000, 0x00000007b7c80000, 0x00000007c0000000)
  object space 127488K, 70% used [0x00000007b0000000,0x00000007b5746158,0x00000007b7c80000)

Card table byte_map: [0x000000010f121000,0x000000010f3a2000] byte_map_base: 0x000000010b3a1000

Polling page: 0x000000010ade1000

Code Cache  [0x000000010c061000, 0x000000010c941000, 0x000000010f061000)
 total_blobs=2895 nmethods=2275 adapters=572 free_code_cache=40190Kb largest_free_block=41057984

Compilation events (10 events):
Event: 2754.523 Thread 0x00007fdf91859800 2454             org.objectweb.asm.Type::getOpcode (60 bytes)
Event: 2754.524 Thread 0x00007fdf91859800 nmethod 2454 0x000000010c92b090 code [0x000000010c92b1c0, 0x000000010c92b278]
Event: 2754.672 Thread 0x00007fdf91808000 2455             org.codehaus.groovy.runtime.callsite.AbstractCallSite::<init> (35 bytes)
Event: 2754.674 Thread 0x00007fdf91808000 nmethod 2455 0x000000010c8e5b10 code [0x000000010c8e5c60, 0x000000010c8e5dd8]
Event: 2754.691 Thread 0x00007fdf91859800 2456             com.sun.org.apache.xerces.internal.util.XMLAttributesImpl::<init> (58 bytes)
Event: 2754.697 Thread 0x00007fdf91859800 nmethod 2456 0x000000010c8e7150 code [0x000000010c8e72e0, 0x000000010c8e77b8]
Event: 2754.733 Thread 0x00007fdf91808000 2457             org.gradle.api.internal.artifacts.ivyservice.ivyresolve.strategy.ChainVersionMatcher::getCompatibleMatcher (71 bytes)
Event: 2754.737 Thread 0x00007fdf91808000 nmethod 2457 0x000000010c8e69d0 code [0x000000010c8e6b40, 0x000000010c8e6dd8]
Event: 2754.806 Thread 0x00007fdf91859800 2458             org.gradle.api.internal.artifacts.DefaultModuleVersionIdentifier::hashCode (16 bytes)
Event: 2754.812 Thread 0x00007fdf91859800 nmethod 2458 0x000000010c936d90 code [0x000000010c936f00, 0x000000010c937358]

GC Heap History (10 events):
Event: 393.089 GC heap after
Heap after GC invocations=14 (full 2):
 PSYoungGen      total 270848K, used 30115K [0x00000007eaa80000, 0x00000007fe700000, 0x0000000800000000)
  eden space 235008K, 0% used [0x00000007eaa80000,0x00000007eaa80000,0x00000007f9000000)
  from space 35840K, 84% used [0x00000007fc400000,0x00000007fe168c18,0x00000007fe700000)
  to   space 44544K, 0% used [0x00000007f9000000,0x00000007f9000000,0x00000007fbb80000)
 ParOldGen       total 87040K, used 83666K [0x00000007c0000000, 0x00000007c5500000, 0x00000007eaa80000)
  object space 87040K, 96% used [0x00000007c0000000,0x00000007c51b4818,0x00000007c5500000)
 PSPermGen       total 111616K, used 75433K [0x00000007b0000000, 0x00000007b6d00000, 0x00000007c0000000)
  object space 111616K, 67% used [0x00000007b0000000,0x00000007b49aa5a0,0x00000007b6d00000)
}
Event: 393.089 GC heap before
{Heap before GC invocations=15 (full 3):
 PSYoungGen      total 270848K, used 30115K [0x00000007eaa80000, 0x00000007fe700000, 0x0000000800000000)
  eden space 235008K, 0% used [0x00000007eaa80000,0x00000007eaa80000,0x00000007f9000000)
  from space 35840K, 84% used [0x00000007fc400000,0x00000007fe168c18,0x00000007fe700000)
  to   space 44544K, 0% used [0x00000007f9000000,0x00000007f9000000,0x00000007fbb80000)
 ParOldGen       total 87040K, used 83666K [0x00000007c0000000, 0x00000007c5500000, 0x00000007eaa80000)
  object space 87040K, 96% used [0x00000007c0000000,0x00000007c51b4818,0x00000007c5500000)
 PSPermGen       total 111616K, used 75433K [0x00000007b0000000, 0x00000007b6d00000, 0x00000007c0000000)
  object space 111616K, 67% used [0x00000007b0000000,0x00000007b49aa5a0,0x00000007b6d00000)
Event: 393.906 GC heap after
Heap after GC invocations=15 (full 3):
 PSYoungGen      total 270848K, used 24370K [0x00000007eaa80000, 0x00000007fe700000, 0x0000000800000000)
  eden space 235008K, 0% used [0x00000007eaa80000,0x00000007eaa80000,0x00000007f9000000)
  from space 35840K, 67% used [0x00000007fc400000,0x00000007fdbcc8b0,0x00000007fe700000)
  to   space 44544K, 0% used [0x00000007f9000000,0x00000007f9000000,0x00000007fbb80000)
 ParOldGen       total 157184K, used 86894K [0x00000007c0000000, 0x00000007c9980000, 0x00000007eaa80000)
  object space 157184K, 55% used [0x00000007c0000000,0x00000007c54dbbc0,0x00000007c9980000)
 PSPermGen       total 124928K, used 75389K [0x00000007b0000000, 0x00000007b7a00000, 0x00000007c0000000)
  object space 124928K, 60% used [0x00000007b0000000,0x00000007b499f5d0,0x00000007b7a00000)
}
Event: 396.807 GC heap before
{Heap before GC invocations=16 (full 3):
 PSYoungGen      total 270848K, used 64978K [0x00000007eaa80000, 0x00000007fe700000, 0x0000000800000000)
  eden space 235008K, 17% used [0x00000007eaa80000,0x00000007ed228050,0x00000007f9000000)
  from space 35840K, 67% used [0x00000007fc400000,0x00000007fdbcc8b0,0x00000007fe700000)
  to   space 44544K, 0% used [0x00000007f9000000,0x00000007f9000000,0x00000007fbb80000)
 ParOldGen       total 157184K, used 86894K [0x00000007c0000000, 0x00000007c9980000, 0x00000007eaa80000)
  object space 157184K, 55% used [0x00000007c0000000,0x00000007c54dbbc0,0x00000007c9980000)
 PSPermGen       total 124928K, used 76290K [0x00000007b0000000, 0x00000007b7a00000, 0x00000007c0000000)
  object space 124928K, 61% used [0x00000007b0000000,0x00000007b4a80908,0x00000007b7a00000)
Event: 396.862 GC heap after
Heap after GC invocations=16 (full 3):
 PSYoungGen      total 279552K, used 2858K [0x00000007eaa80000, 0x0000000800000000, 0x0000000800000000)
  eden space 235008K, 0% used [0x00000007eaa80000,0x00000007eaa80000,0x00000007f9000000)
  from space 44544K, 6% used [0x00000007f9000000,0x00000007f92caa80,0x00000007fbb80000)
  to   space 45056K, 0% used [0x00000007fd400000,0x00000007fd400000,0x0000000800000000)
 ParOldGen       total 157184K, used 96694K [0x00000007c0000000, 0x00000007c9980000, 0x00000007eaa80000)
  object space 157184K, 61% used [0x00000007c0000000,0x00000007c5e6d840,0x00000007c9980000)
 PSPermGen       total 124928K, used 76290K [0x00000007b0000000, 0x00000007b7a00000, 0x00000007c0000000)
  object space 124928K, 61% used [0x00000007b0000000,0x00000007b4a80908,0x00000007b7a00000)
}
Event: 396.863 GC heap before
{Heap before GC invocations=17 (full 4):
 PSYoungGen      total 279552K, used 2858K [0x00000007eaa80000, 0x0000000800000000, 0x0000000800000000)
  eden space 235008K, 0% used [0x00000007eaa80000,0x00000007eaa80000,0x00000007f9000000)
  from space 44544K, 6% used [0x00000007f9000000,0x00000007f92caa80,0x00000007fbb80000)
  to   space 45056K, 0% used [0x00000007fd400000,0x00000007fd400000,0x0000000800000000)
 ParOldGen       total 157184K, used 96694K [0x00000007c0000000, 0x00000007c9980000, 0x00000007eaa80000)
  object space 157184K, 61% used [0x00000007c0000000,0x00000007c5e6d840,0x00000007c9980000)
 PSPermGen       total 124928K, used 76290K [0x00000007b0000000, 0x00000007b7a00000, 0x00000007c0000000)
  object space 124928K, 61% used [0x00000007b0000000,0x00000007b4a80908,0x00000007b7a00000)
Event: 397.428 GC heap after
Heap after GC invocations=17 (full 4):
 PSYoungGen      total 279552K, used 0K [0x00000007eaa80000, 0x0000000800000000, 0x0000000800000000)
  eden space 235008K, 0% used [0x00000007eaa80000,0x00000007eaa80000,0x00000007f9000000)
  from space 44544K, 0% used [0x00000007f9000000,0x00000007f9000000,0x00000007fbb80000)
  to   space 45056K, 0% used [0x00000007fd400000,0x00000007fd400000,0x0000000800000000)
 ParOldGen       total 157184K, used 98509K [0x00000007c0000000, 0x00000007c9980000, 0x00000007eaa80000)
  object space 157184K, 62% used [0x00000007c0000000,0x00000007c60336a0,0x00000007c9980000)
 PSPermGen       total 127488K, used 76255K [0x00000007b0000000, 0x00000007b7c80000, 0x00000007c0000000)
  object space 127488K, 59% used [0x00000007b0000000,0x00000007b4a77c20,0x00000007b7c80000)
}
Event: 412.605 GC heap before
{Heap before GC invocations=18 (full 4):
 PSYoungGen      total 279552K, used 235008K [0x00000007eaa80000, 0x0000000800000000, 0x0000000800000000)
  eden space 235008K, 100% used [0x00000007eaa80000,0x00000007f9000000,0x00000007f9000000)
  from space 44544K, 0% used [0x00000007f9000000,0x00000007f9000000,0x00000007fbb80000)
  to   space 45056K, 0% used [0x00000007fd400000,0x00000007fd400000,0x0000000800000000)
 ParOldGen       total 157184K, used 98509K [0x00000007c0000000, 0x00000007c9980000, 0x00000007eaa80000)
  object space 157184K, 62% used [0x00000007c0000000,0x00000007c60336a0,0x00000007c9980000)
 PSPermGen       total 127488K, used 83480K [0x00000007b0000000, 0x00000007b7c80000, 0x00000007c0000000)
  object space 127488K, 65% used [0x00000007b0000000,0x00000007b51862d8,0x00000007b7c80000)
Event: 412.631 GC heap after
Heap after GC invocations=18 (full 4):
 PSYoungGen      total 250368K, used 24501K [0x00000007eaa80000, 0x00000007fec00000, 0x0000000800000000)
  eden space 225792K, 0% used [0x00000007eaa80000,0x00000007eaa80000,0x00000007f8700000)
  from space 24576K, 99% used [0x00000007fd400000,0x00000007febed788,0x00000007fec00000)
  to   space 44544K, 0% used [0x00000007f9500000,0x00000007f9500000,0x00000007fc080000)
 ParOldGen       total 157184K, used 98509K [0x00000007c0000000, 0x00000007c9980000, 0x00000007eaa80000)
  object space 157184K, 62% used [0x00000007c0000000,0x00000007c60336a0,0x00000007c9980000)
 PSPermGen       total 127488K, used 83480K [0x00000007b0000000, 0x00000007b7c80000, 0x00000007c0000000)
  object space 127488K, 65% used [0x00000007b0000000,0x00000007b51862d8,0x00000007b7c80000)
}
Event: 2755.167 GC heap before
{Heap before GC invocations=19 (full 4):
 PSYoungGen      total 250368K, used 250293K [0x00000007eaa80000, 0x00000007fec00000, 0x0000000800000000)
  eden space 225792K, 100% used [0x00000007eaa80000,0x00000007f8700000,0x00000007f8700000)
  from space 24576K, 99% used [0x00000007fd400000,0x00000007febed788,0x00000007fec00000)
  to   space 44544K, 0% used [0x00000007f9500000,0x00000007f9500000,0x00000007fc080000)
 ParOldGen       total 157184K, used 98509K [0x00000007c0000000, 0x00000007c9980000, 0x00000007eaa80000)
  object space 157184K, 62% used [0x00000007c0000000,0x00000007c60336a0,0x00000007c9980000)
 PSPermGen       total 127488K, used 89368K [0x00000007b0000000, 0x00000007b7c80000, 0x00000007c0000000)
  object space 127488K, 70% used [0x00000007b0000000,0x00000007b5746158,0x00000007b7c80000)

Deoptimization events (10 events):
Event: 411.418 Thread 0x00007fdf91e5c000 Uncommon trap: reason=array_check action=maybe_recompile pc=0x000000010c8ae2d8 method=java.util.TimSort.mergeHi(IIII)V @ 91
Event: 411.430 Thread 0x00007fdf91e5c000 Uncommon trap: reason=array_check action=maybe_recompile pc=0x000000010c8ae2d8 method=java.util.TimSort.mergeHi(IIII)V @ 91
Event: 411.451 Thread 0x00007fdf91e5c000 Uncommon trap: reason=array_check action=maybe_recompile pc=0x000000010c8ae2d8 method=java.util.TimSort.mergeHi(IIII)V @ 91
Event: 411.490 Thread 0x00007fdf91e5c000 Uncommon trap: reason=array_check action=maybe_recompile pc=0x000000010c8ae2d8 method=java.util.TimSort.mergeHi(IIII)V @ 91
Event: 412.099 Thread 0x00007fdf91e5c000 Uncommon trap: reason=null_check action=make_not_entrant pc=0x000000010c8bcbc8 method=com.android.ide.common.res2.NodeUtils.processSingleNodeNamespace(Lorg/w3c/dom/Node;Lorg/w3c/dom/Document;)Z @ 8
Event: 412.635 Thread 0x00007fdf91e5c000 Uncommon trap: reason=null_check action=make_not_entrant pc=0x000000010c839174 method=com.sun.tools.javac.jvm.ClassReader.enterClass(Lcom/sun/tools/javac/util/Name;Ljavax/tools/JavaFileObject;)Lcom/sun/tools/javac/code/Symbol$ClassSymbol; @ 10
Event: 412.769 Thread 0x00007fdf91e5c000 Uncommon trap: reason=class_check action=maybe_recompile pc=0x000000010c6c658c method=com.sun.tools.javac.jvm.ClassWriter.writePool(Lcom/sun/tools/javac/jvm/Pool;)V @ 662
Event: 412.788 Thread 0x00007fdf91e5c000 Uncommon trap: reason=bimorphic action=maybe_recompile pc=0x000000010c663858 method=com.sun.tools.javac.code.Types$20.visitClassType(Lcom/sun/tools/javac/code/Type$ClassType;Ljava/lang/Void;)Lcom/sun/tools/javac/util/List; @ 64
Event: 412.788 Thread 0x00007fdf91e5c000 Uncommon trap: reason=bimorphic action=maybe_recompile pc=0x000000010c4e1e58 method=com.sun.tools.javac.code.Type.map(Lcom/sun/tools/javac/util/List;Lcom/sun/tools/javac/code/Type$Mapping;)Lcom/sun/tools/javac/util/List; @ 24
Event: 412.865 Thread 0x00007fdf91e5c000 Uncommon trap: reason=class_check action=maybe_recompile pc=0x000000010c28a3e4 method=com.sun.tools.javac.code.Type.isCompound()Z @ 14

Internal exceptions (10 events):
Event: 2755.165 Thread 0x00007fdf9299d000 Threw 0x00000007f8668d48 at /HUDSON/workspace/7u-2-build-macosx-x86_64/jdk7u75/1940/hotspot/src/share/vm/prims/jvm.cpp:1281
Event: 2755.165 Thread 0x00007fdf9299d000 Threw 0x00000007f866b680 at /HUDSON/workspace/7u-2-build-macosx-x86_64/jdk7u75/1940/hotspot/src/share/vm/prims/jvm.cpp:1281
Event: 2755.165 Thread 0x00007fdf9299d000 Threw 0x00000007f866c5f8 at /HUDSON/workspace/7u-2-build-macosx-x86_64/jdk7u75/1940/hotspot/src/share/vm/prims/jvm.cpp:1281
Event: 2755.165 Thread 0x00007fdf9299d000 Threw 0x00000007f8672cd0 at /HUDSON/workspace/7u-2-build-macosx-x86_64/jdk7u75/1940/hotspot/src/share/vm/prims/jvm.cpp:1281
Event: 2755.165 Thread 0x00007fdf9299d000 Threw 0x00000007f86732a0 at /HUDSON/workspace/7u-2-build-macosx-x86_64/jdk7u75/1940/hotspot/src/share/vm/classfile/systemDictionary.cpp:185
Event: 2755.165 Thread 0x00007fdf9299d000 Threw 0x00000007f868c2a8 at /HUDSON/workspace/7u-2-build-macosx-x86_64/jdk7u75/1940/hotspot/src/share/vm/prims/jvm.cpp:1281
Event: 2755.165 Thread 0x00007fdf9299d000 Threw 0x00000007f868eee8 at /HUDSON/workspace/7u-2-build-macosx-x86_64/jdk7u75/1940/hotspot/src/share/vm/prims/jvm.cpp:1281
Event: 2755.165 Thread 0x00007fdf9299d000 Threw 0x00000007f868fef8 at /HUDSON/workspace/7u-2-build-macosx-x86_64/jdk7u75/1940/hotspot/src/share/vm/prims/jvm.cpp:1281
Event: 2755.165 Thread 0x00007fdf9299d000 Threw 0x00000007f86970b0 at /HUDSON/workspace/7u-2-build-macosx-x86_64/jdk7u75/1940/hotspot/src/share/vm/prims/jvm.cpp:1281
Event: 2755.165 Thread 0x00007fdf9299d000 Threw 0x00000007f8697698 at /HUDSON/workspace/7u-2-build-macosx-x86_64/jdk7u75/1940/hotspot/src/share/vm/classfile/systemDictionary.cpp:185

Events (10 events):
Event: 2755.164 loading class 0x00007fdf9341b820 done
Event: 2755.165 loading class 0x00007fdf9341b870
Event: 2755.165 loading class 0x00007fdf9341b870 done
Event: 2755.165 loading class 0x00007fdf9341b870
Event: 2755.165 loading class 0x00007fdf9341b870 done
Event: 2755.165 loading class 0x00007fdf9341b8c0
Event: 2755.165 loading class 0x00007fdf9341b8c0 done
Event: 2755.165 loading class 0x00007fdf9341b8c0
Event: 2755.165 loading class 0x00007fdf9341b8c0 done
Event: 2755.167 Executing VM operation: ParallelGCFailedAllocation


Dynamic libraries:
0x000000000d720000 	/System/Library/Frameworks/Cocoa.framework/Versions/A/Cocoa
0x000000000d720000 	/System/Library/Frameworks/Security.framework/Versions/A/Security
0x000000000d720000 	/System/Library/Frameworks/ApplicationServices.framework/Versions/A/ApplicationServices
0x000000000d720000 	/usr/lib/libz.1.dylib
0x000000000d720000 	/usr/lib/libSystem.B.dylib
0x000000000d720000 	/usr/lib/libobjc.A.dylib
0x000000000d720000 	/System/Library/Frameworks/CoreFoundation.framework/Versions/A/CoreFoundation
0x000000000d720000 	/System/Library/Frameworks/Foundation.framework/Versions/C/Foundation
0x000000000d720000 	/System/Library/Frameworks/AppKit.framework/Versions/C/AppKit
0x000000000d720000 	/System/Library/Frameworks/CoreData.framework/Versions/A/CoreData
0x000000000d720000 	/System/Library/PrivateFrameworks/RemoteViewServices.framework/Versions/A/RemoteViewServices
0x000000000d720000 	/System/Library/PrivateFrameworks/UIFoundation.framework/Versions/A/UIFoundation
0x000000000d720000 	/System/Library/Frameworks/IOSurface.framework/Versions/A/IOSurface
0x000000000d720000 	/System/Library/Frameworks/AudioToolbox.framework/Versions/A/AudioToolbox
0x000000000d720000 	/System/Library/Frameworks/AudioUnit.framework/Versions/A/AudioUnit
0x000000000d720000 	/System/Library/PrivateFrameworks/DataDetectorsCore.framework/Versions/A/DataDetectorsCore
0x000000000d720000 	/System/Library/PrivateFrameworks/DesktopServicesPriv.framework/Versions/A/DesktopServicesPriv
0x000000000d720000 	/System/Library/Frameworks/Carbon.framework/Versions/A/Frameworks/HIToolbox.framework/Versions/A/HIToolbox
0x000000000d720000 	/System/Library/Frameworks/QuartzCore.framework/Versions/A/QuartzCore
0x000000000d720000 	/System/Library/Frameworks/Carbon.framework/Versions/A/Frameworks/SpeechRecognition.framework/Versions/A/SpeechRecognition
0x000000000d720000 	/usr/lib/libauto.dylib
0x000000000d720000 	/usr/lib/libicucore.A.dylib
0x000000000d720000 	/usr/lib/libxml2.2.dylib
0x000000000d720000 	/System/Library/PrivateFrameworks/CoreUI.framework/Versions/A/CoreUI
0x000000000d720000 	/System/Library/Frameworks/CoreAudio.framework/Versions/A/CoreAudio
0x000000000d720000 	/System/Library/Frameworks/DiskArbitration.framework/Versions/A/DiskArbitration
0x000000000d720000 	/usr/lib/liblangid.dylib
0x000000000d720000 	/System/Library/PrivateFrameworks/MultitouchSupport.framework/Versions/A/MultitouchSupport
0x000000000d720000 	/System/Library/Frameworks/IOKit.framework/Versions/A/IOKit
0x000000000d720000 	/usr/lib/libDiagnosticMessagesClient.dylib
0x000000000d720000 	/System/Library/Frameworks/CoreServices.framework/Versions/A/CoreServices
0x000000000d720000 	/System/Library/PrivateFrameworks/PerformanceAnalysis.framework/Versions/A/PerformanceAnalysis
0x000000000d720000 	/System/Library/PrivateFrameworks/GenerationalStorage.framework/Versions/A/GenerationalStorage
0x000000000d720000 	/System/Library/Frameworks/OpenGL.framework/Versions/A/OpenGL
0x000000000d720000 	/System/Library/PrivateFrameworks/Sharing.framework/Versions/A/Sharing
0x000000000d720000 	/System/Library/Frameworks/CoreGraphics.framework/Versions/A/CoreGraphics
0x000000000d720000 	/System/Library/Frameworks/CoreText.framework/Versions/A/CoreText
0x000000000d720000 	/System/Library/Frameworks/ImageIO.framework/Versions/A/ImageIO
0x000000000d720000 	/usr/lib/libextension.dylib
0x000000000d720000 	/System/Library/PrivateFrameworks/Backup.framework/Versions/A/Backup
0x000000000d720000 	/usr/lib/libarchive.2.dylib
0x000000000d720000 	/System/Library/Frameworks/CFNetwork.framework/Versions/A/CFNetwork
0x000000000d720000 	/System/Library/Frameworks/SystemConfiguration.framework/Versions/A/SystemConfiguration
0x000000000d720000 	/usr/lib/libCRFSuite.dylib
0x000000000d720000 	/usr/lib/libc++.1.dylib
0x000000000d720000 	/usr/lib/libc++abi.dylib
0x000000000d720000 	/usr/lib/system/libcache.dylib
0x000000000d720000 	/usr/lib/system/libcommonCrypto.dylib
0x000000000d720000 	/usr/lib/system/libcompiler_rt.dylib
0x000000000d720000 	/usr/lib/system/libcopyfile.dylib
0x000000000d720000 	/usr/lib/system/libcorecrypto.dylib
0x000000000d720000 	/usr/lib/system/libdispatch.dylib
0x000000000d720000 	/usr/lib/system/libdyld.dylib
0x000000000d720000 	/usr/lib/system/libkeymgr.dylib
0x000000000d720000 	/usr/lib/system/liblaunch.dylib
0x000000000d720000 	/usr/lib/system/libmacho.dylib
0x000000000d720000 	/usr/lib/system/libquarantine.dylib
0x000000000d720000 	/usr/lib/system/libremovefile.dylib
0x000000000d720000 	/usr/lib/system/libsystem_asl.dylib
0x000000000d720000 	/usr/lib/system/libsystem_blocks.dylib
0x000000000d720000 	/usr/lib/system/libsystem_c.dylib
0x000000000d720000 	/usr/lib/system/libsystem_configuration.dylib
0x000000000d720000 	/usr/lib/system/libsystem_coreservices.dylib
0x000000000d720000 	/usr/lib/system/libsystem_coretls.dylib
0x000000000d720000 	/usr/lib/system/libsystem_dnssd.dylib
0x000000000d720000 	/usr/lib/system/libsystem_info.dylib
0x000000000d720000 	/usr/lib/system/libsystem_kernel.dylib
0x000000000d720000 	/usr/lib/system/libsystem_m.dylib
0x000000000d720000 	/usr/lib/system/libsystem_malloc.dylib
0x000000000d720000 	/usr/lib/system/libsystem_network.dylib
0x000000000d720000 	/usr/lib/system/libsystem_networkextension.dylib
0x000000000d720000 	/usr/lib/system/libsystem_notify.dylib
0x000000000d720000 	/usr/lib/system/libsystem_platform.dylib
0x000000000d720000 	/usr/lib/system/libsystem_pthread.dylib
0x000000000d720000 	/usr/lib/system/libsystem_sandbox.dylib
0x000000000d720000 	/usr/lib/system/libsystem_secinit.dylib
0x000000000d720000 	/usr/lib/system/libsystem_stats.dylib
0x000000000d720000 	/usr/lib/system/libsystem_trace.dylib
0x000000000d720000 	/usr/lib/system/libunc.dylib
0x000000000d720000 	/usr/lib/system/libunwind.dylib
0x000000000d720000 	/usr/lib/system/libxpc.dylib
0x000000000d720000 	/usr/lib/libbz2.1.0.dylib
0x000000000d720000 	/usr/lib/liblzma.5.dylib
0x000000000d720000 	/usr/lib/libbsm.0.dylib
0x000000000d720000 	/usr/lib/libsqlite3.dylib
0x000000000d720000 	/usr/lib/system/libkxld.dylib
0x000000000d720000 	/usr/lib/libxar.1.dylib
0x000000000d720000 	/usr/lib/libpam.2.dylib
0x000000000d720000 	/usr/lib/libOpenScriptingUtil.dylib
0x000000000d720000 	/System/Library/Frameworks/CoreServices.framework/Versions/A/Frameworks/FSEvents.framework/Versions/A/FSEvents
0x000000000d720000 	/System/Library/Frameworks/CoreServices.framework/Versions/A/Frameworks/CarbonCore.framework/Versions/A/CarbonCore
0x000000000d720000 	/System/Library/Frameworks/CoreServices.framework/Versions/A/Frameworks/Metadata.framework/Versions/A/Metadata
0x000000000d720000 	/System/Library/Frameworks/CoreServices.framework/Versions/A/Frameworks/OSServices.framework/Versions/A/OSServices
0x000000000d720000 	/System/Library/Frameworks/CoreServices.framework/Versions/A/Frameworks/SearchKit.framework/Versions/A/SearchKit
0x000000000d720000 	/System/Library/Frameworks/CoreServices.framework/Versions/A/Frameworks/AE.framework/Versions/A/AE
0x000000000d720000 	/System/Library/Frameworks/CoreServices.framework/Versions/A/Frameworks/LaunchServices.framework/Versions/A/LaunchServices
0x000000000d720000 	/System/Library/Frameworks/CoreServices.framework/Versions/A/Frameworks/DictionaryServices.framework/Versions/A/DictionaryServices
0x000000000d720000 	/System/Library/Frameworks/NetFS.framework/Versions/A/NetFS
0x000000000d720000 	/System/Library/PrivateFrameworks/NetAuth.framework/Versions/A/NetAuth
0x000000000d720000 	/System/Library/PrivateFrameworks/login.framework/Versions/A/Frameworks/loginsupport.framework/Versions/A/loginsupport
0x000000000d720000 	/System/Library/PrivateFrameworks/TCC.framework/Versions/A/TCC
0x000000000d720000 	/usr/lib/libmecabra.dylib
0x000000000d720000 	/System/Library/Frameworks/ApplicationServices.framework/Versions/A/Frameworks/ATS.framework/Versions/A/ATS
0x000000000d720000 	/System/Library/Frameworks/ApplicationServices.framework/Versions/A/Frameworks/ColorSync.framework/Versions/A/ColorSync
0x000000000d720000 	/System/Library/Frameworks/ApplicationServices.framework/Versions/A/Frameworks/HIServices.framework/Versions/A/HIServices
0x000000000d720000 	/System/Library/Frameworks/ApplicationServices.framework/Versions/A/Frameworks/LangAnalysis.framework/Versions/A/LangAnalysis
0x000000000d720000 	/System/Library/Frameworks/ApplicationServices.framework/Versions/A/Frameworks/PrintCore.framework/Versions/A/PrintCore
0x000000000d720000 	/System/Library/Frameworks/ApplicationServices.framework/Versions/A/Frameworks/QD.framework/Versions/A/QD
0x000000000d720000 	/System/Library/Frameworks/ApplicationServices.framework/Versions/A/Frameworks/SpeechSynthesis.framework/Versions/A/SpeechSynthesis
0x000000000d720000 	/System/Library/Frameworks/Accelerate.framework/Versions/A/Accelerate
0x000000000d720000 	/System/Library/Frameworks/Accelerate.framework/Versions/A/Frameworks/vImage.framework/Versions/A/vImage
0x000000000d720000 	/System/Library/Frameworks/Accelerate.framework/Versions/A/Frameworks/vecLib.framework/Versions/A/vecLib
0x000000000d720000 	/System/Library/Frameworks/Accelerate.framework/Versions/A/Frameworks/vecLib.framework/Versions/A/libvDSP.dylib
0x000000000d720000 	/System/Library/Frameworks/Accelerate.framework/Versions/A/Frameworks/vecLib.framework/Versions/A/libvMisc.dylib
0x000000000d720000 	/System/Library/Frameworks/Accelerate.framework/Versions/A/Frameworks/vecLib.framework/Versions/A/libLAPACK.dylib
0x000000000d720000 	/System/Library/Frameworks/Accelerate.framework/Versions/A/Frameworks/vecLib.framework/Versions/A/libBLAS.dylib
0x000000000d720000 	/System/Library/Frameworks/Accelerate.framework/Versions/A/Frameworks/vecLib.framework/Versions/A/libLinearAlgebra.dylib
0x000000000d720000 	/System/Library/Frameworks/ApplicationServices.framework/Versions/A/Frameworks/ATS.framework/Versions/A/Resources/libFontParser.dylib
0x000000000d720000 	/System/Library/Frameworks/ApplicationServices.framework/Versions/A/Frameworks/ATS.framework/Versions/A/Resources/libFontRegistry.dylib
0x000000000d720000 	/System/Library/PrivateFrameworks/AppleVPA.framework/Versions/A/AppleVPA
0x000000000d720000 	/System/Library/PrivateFrameworks/AppleJPEG.framework/Versions/A/AppleJPEG
0x000000000d720000 	/System/Library/Frameworks/ImageIO.framework/Versions/A/Resources/libJPEG.dylib
0x000000000d720000 	/System/Library/Frameworks/ImageIO.framework/Versions/A/Resources/libTIFF.dylib
0x000000000d720000 	/System/Library/Frameworks/ImageIO.framework/Versions/A/Resources/libPng.dylib
0x000000000d720000 	/System/Library/Frameworks/ImageIO.framework/Versions/A/Resources/libGIF.dylib
0x000000000d720000 	/System/Library/Frameworks/ImageIO.framework/Versions/A/Resources/libJP2.dylib
0x000000000d720000 	/System/Library/Frameworks/ImageIO.framework/Versions/A/Resources/libRadiance.dylib
0x000000000d720000 	/System/Library/Frameworks/CoreVideo.framework/Versions/A/CoreVideo
0x000000000d720000 	/System/Library/Frameworks/OpenGL.framework/Versions/A/Libraries/libGLU.dylib
0x000000000d720000 	/System/Library/Frameworks/OpenGL.framework/Versions/A/Libraries/libGFXShared.dylib
0x000000000d720000 	/System/Library/Frameworks/OpenGL.framework/Versions/A/Libraries/libGL.dylib
0x000000000d720000 	/System/Library/Frameworks/OpenGL.framework/Versions/A/Libraries/libGLImage.dylib
0x000000000d720000 	/System/Library/Frameworks/OpenGL.framework/Versions/A/Libraries/libCVMSPluginSupport.dylib
0x000000000d720000 	/System/Library/Frameworks/OpenGL.framework/Versions/A/Libraries/libCoreVMClient.dylib
0x000000000d720000 	/usr/lib/libcups.2.dylib
0x000000000d720000 	/System/Library/Frameworks/Kerberos.framework/Versions/A/Kerberos
0x000000000d720000 	/System/Library/Frameworks/GSS.framework/Versions/A/GSS
0x000000000d720000 	/usr/lib/libresolv.9.dylib
0x000000000d720000 	/usr/lib/libiconv.2.dylib
0x000000000d720000 	/System/Library/PrivateFrameworks/Heimdal.framework/Versions/A/Heimdal
0x000000000d720000 	/usr/lib/libheimdal-asn1.dylib
0x000000000d720000 	/System/Library/Frameworks/OpenDirectory.framework/Versions/A/OpenDirectory
0x000000000d720000 	/System/Library/PrivateFrameworks/CommonAuth.framework/Versions/A/CommonAuth
0x000000000d720000 	/System/Library/Frameworks/OpenDirectory.framework/Versions/A/Frameworks/CFOpenDirectory.framework/Versions/A/CFOpenDirectory
0x000000000d720000 	/System/Library/Frameworks/SecurityFoundation.framework/Versions/A/SecurityFoundation
0x000000000d720000 	/System/Library/PrivateFrameworks/LanguageModeling.framework/Versions/A/LanguageModeling
0x000000000d720000 	/usr/lib/libcmph.dylib
0x000000000d720000 	/System/Library/Frameworks/ServiceManagement.framework/Versions/A/ServiceManagement
0x000000000d720000 	/usr/lib/libxslt.1.dylib
0x000000000d720000 	/System/Library/Frameworks/Carbon.framework/Versions/A/Frameworks/Ink.framework/Versions/A/Ink
0x000000000d720000 	/System/Library/Frameworks/QuartzCore.framework/Versions/A/Frameworks/CoreImage.framework/Versions/A/CoreImage
0x000000000d720000 	/System/Library/PrivateFrameworks/CrashReporterSupport.framework/Versions/A/CrashReporterSupport
0x000000000d720000 	/System/Library/Frameworks/OpenCL.framework/Versions/A/OpenCL
0x000000000d720000 	/System/Library/PrivateFrameworks/FaceCore.framework/Versions/A/FaceCore
0x000000000d720000 	/System/Library/PrivateFrameworks/Ubiquity.framework/Versions/A/Ubiquity
0x000000000d720000 	/System/Library/PrivateFrameworks/IconServices.framework/Versions/A/IconServices
0x000000000d720000 	/System/Library/PrivateFrameworks/ChunkingLibrary.framework/Versions/A/ChunkingLibrary
0x000000000d720000 	/System/Library/PrivateFrameworks/Apple80211.framework/Versions/A/Apple80211
0x000000000d720000 	/System/Library/Frameworks/CoreWLAN.framework/Versions/A/CoreWLAN
0x000000000d720000 	/System/Library/Frameworks/IOBluetooth.framework/Versions/A/IOBluetooth
0x000000000d720000 	/System/Library/PrivateFrameworks/CoreWiFi.framework/Versions/A/CoreWiFi
0x000000000d720000 	/System/Library/Frameworks/CoreBluetooth.framework/Versions/A/CoreBluetooth
0x000000000d720000 	/System/Library/PrivateFrameworks/DebugSymbols.framework/Versions/A/DebugSymbols
0x000000000d720000 	/System/Library/PrivateFrameworks/CoreSymbolication.framework/Versions/A/CoreSymbolication
0x000000000d720000 	/System/Library/PrivateFrameworks/Symbolication.framework/Versions/A/Symbolication
0x000000000d720000 	/System/Library/PrivateFrameworks/SpeechRecognitionCore.framework/Versions/A/SpeechRecognitionCore
0x000000010b600000 	/Library/Java/JavaVirtualMachines/jdk1.7.0_75.jdk/Contents/Home/jre/lib/server/libjvm.dylib
0x000000000d720000 	/usr/lib/libstdc++.6.dylib
0x000000010ada4000 	/Library/Java/JavaVirtualMachines/jdk1.7.0_75.jdk/Contents/Home/jre/lib/libverify.dylib
0x000000010adb1000 	/Library/Java/JavaVirtualMachines/jdk1.7.0_75.jdk/Contents/Home/jre/lib/libjava.dylib
0x000000010adeb000 	/Library/Java/JavaVirtualMachines/jdk1.7.0_75.jdk/Contents/Home/jre/lib/libzip.dylib
0x00000001139dd000 	/System/Library/Frameworks/JavaVM.framework/Frameworks/JavaRuntimeSupport.framework/JavaRuntimeSupport
0x00000001139f5000 	/System/Library/Frameworks/JavaVM.framework/Versions/A/Frameworks/JavaNativeFoundation.framework/Versions/A/JavaNativeFoundation
0x0000000113a0a000 	/System/Library/Frameworks/JavaVM.framework/Versions/A/JavaVM
0x000000000d720000 	/System/Library/Frameworks/Carbon.framework/Versions/A/Carbon
0x0000000113a17000 	/System/Library/PrivateFrameworks/JavaLaunching.framework/Versions/A/JavaLaunching
0x000000000d720000 	/System/Library/Frameworks/Carbon.framework/Versions/A/Frameworks/CommonPanels.framework/Versions/A/CommonPanels
0x000000000d720000 	/System/Library/Frameworks/Carbon.framework/Versions/A/Frameworks/Help.framework/Versions/A/Help
0x000000000d720000 	/System/Library/Frameworks/Carbon.framework/Versions/A/Frameworks/ImageCapture.framework/Versions/A/ImageCapture
0x000000000d720000 	/System/Library/Frameworks/Carbon.framework/Versions/A/Frameworks/OpenScripting.framework/Versions/A/OpenScripting
0x000000000d720000 	/System/Library/Frameworks/Carbon.framework/Versions/A/Frameworks/Print.framework/Versions/A/Print
0x000000000d720000 	/System/Library/Frameworks/Carbon.framework/Versions/A/Frameworks/SecurityHI.framework/Versions/A/SecurityHI
0x000000011599a000 	/Library/Java/JavaVirtualMachines/jdk1.7.0_75.jdk/Contents/Home/jre/lib/libnet.dylib
0x00000001159f8000 	/Library/Java/JavaVirtualMachines/jdk1.7.0_75.jdk/Contents/Home/jre/lib/libnio.dylib
0x0000000115f8e000 	/private/var/folders/3y/0pf2j_lj7v10vntqqwgxd_3r0000gn/T/native-platform8929079507773601999dir/libnative-platform.dylib

VM Arguments:
jvm_args: -XX:MaxPermSize=256m -XX:+HeapDumpOnOutOfMemoryError -Xmx1024m -Dfile.encoding=UTF-8 -Duser.country=US -Duser.language=en -Duser.variant 
java_command: org.gradle.launcher.daemon.bootstrap.GradleDaemon 2.2.1 /Users/rafaeldelboni/.gradle/daemon 10800000 451ec6ba-5004-43c8-9e1a-e6349c74d785 -XX:MaxPermSize=256m -XX:+HeapDumpOnOutOfMemoryError -Xmx1024m -Dfile.encoding=UTF-8 -Duser.country=US -Duser.language=en -Duser.variant
Launcher Type: SUN_STANDARD

Environment Variables:
PATH=/usr/bin:/bin:/usr/sbin:/sbin
SHELL=/bin/bash

Signal Handlers:
SIGSEGV: [libjvm.dylib+0x52d20d], sa_mask[0]=0xfffefeff, sa_flags=0x00000043
SIGBUS: [libjvm.dylib+0x52d20d], sa_mask[0]=0xfffefeff, sa_flags=0x00000042
SIGFPE: [libjvm.dylib+0x41ee7a], sa_mask[0]=0xfffefeff, sa_flags=0x00000042
SIGPIPE: [libjvm.dylib+0x41ee7a], sa_mask[0]=0xfffefeff, sa_flags=0x00000042
SIGXFSZ: [libjvm.dylib+0x41ee7a], sa_mask[0]=0xfffefeff, sa_flags=0x00000042
SIGILL: [libjvm.dylib+0x41ee7a], sa_mask[0]=0xfffefeff, sa_flags=0x00000042
SIGUSR1: SIG_DFL, sa_mask[0]=0x00000000, sa_flags=0x00000000
SIGUSR2: [libjvm.dylib+0x41e96c], sa_mask[0]=0x00000004, sa_flags=0x00000042
SIGHUP: [libjvm.dylib+0x41cbfd], sa_mask[0]=0xfffefeff, sa_flags=0x00000042
SIGINT: [libjvm.dylib+0x41cbfd], sa_mask[0]=0xfffefeff, sa_flags=0x00000042
SIGTERM: [libjvm.dylib+0x41cbfd], sa_mask[0]=0xfffefeff, sa_flags=0x00000042
SIGQUIT: [libjvm.dylib+0x41cbfd], sa_mask[0]=0xfffefeff, sa_flags=0x00000042


---------------  S Y S T E M  ---------------

OS:Bsduname:Darwin 14.1.0 Darwin Kernel Version 14.1.0: Thu Feb 26 19:26:47 PST 2015; root:xnu-2782.10.73~1/RELEASE_X86_64 x86_64
rlimit: STACK 8192k, CORE 0k, NPROC 709, NOFILE 10240, AS infinity
load average:1.57 1.73 1.81

CPU:total 4 (2 cores per cpu, 2 threads per core) family 6 model 58 stepping 9, cmov, cx8, fxsr, mmx, sse, sse2, sse3, ssse3, sse4.1, sse4.2, popcnt, avx, aes, erms, ht, tsc, tscinvbit, tscinv

Memory: 4k page, physical 8388608k(2097152k free)

/proc/meminfo:


vm_info: Java HotSpot(TM) 64-Bit Server VM (24.75-b04) for bsd-amd64 JRE (1.7.0_75-b13), built on Dec 18 2014 21:48:12 by "java_re" with gcc 4.2.1 (Based on Apple Inc. build 5658) (LLVM build 2336.11.00)

time: Tue Mar 10 18:31:00 2015
elapsed time: 2755 seconds

